[debug] [2025-05-16T00:07:07.146Z] ----------------------------------------------------------------------
[debug] [2025-05-16T00:07:07.149Z] Command:       C:\Program Files\nodejs\node.exe C:\Users\Srmar\AppData\Roaming\npm\node_modules\firebase-tools\lib\bin\firebase.js init
[debug] [2025-05-16T00:07:07.150Z] CLI Version:   14.3.1
[debug] [2025-05-16T00:07:07.150Z] Platform:      win32
[debug] [2025-05-16T00:07:07.150Z] Node Version:  v22.15.0
[debug] [2025-05-16T00:07:07.150Z] Time:          Thu May 15 2025 21:07:07 GMT-0300 (Horário Padrão de Brasília)
[debug] [2025-05-16T00:07:07.150Z] ----------------------------------------------------------------------
[debug] 
[debug] [2025-05-16T00:07:07.156Z] > command requires scopes: ["email","openid","https://www.googleapis.com/auth/cloudplatformprojects.readonly","https://www.googleapis.com/auth/firebase","https://www.googleapis.com/auth/cloud-platform"]
[debug] [2025-05-16T00:07:07.156Z] > authorizing via signed-in user (srmarcoserick1@gmail.com)
[info] 
     ######## #### ########  ######## ########     ###     ######  ########
     ##        ##  ##     ## ##       ##     ##  ##   ##  ##       ##
     ######    ##  ########  ######   ########  #########  ######  ######
     ##        ##  ##    ##  ##       ##     ## ##     ##       ## ##
     ##       #### ##     ## ######## ########  ##     ##  ######  ########

You're about to initialize a Firebase project in this directory:

  C:\Users\Srmar\Desktop\C-G\C-G

[info] 
=== Project Setup
[info] 
[info] First, let's associate this project directory with a Firebase project.
[info] You can create multiple project aliases by running firebase use --add, 
[info] but for now we'll just set up a default project.
[info] 
[debug] [2025-05-16T00:08:03.425Z] ExitPromptError: User force closed the prompt with SIGINT
    at Interface.sigint (C:\Users\Srmar\AppData\Roaming\npm\node_modules\firebase-tools\node_modules\@inquirer\core\dist\commonjs\lib\create-prompt.js:100:37)
    at Interface.emit (node:events:518:28)
    at Interface.emit (node:domain:489:12)
    at [_ttyWrite] [as _ttyWrite] (node:internal/readline/interface:1128:18)
    at ReadStream.onkeypress (node:internal/readline/interface:267:20)
    at ReadStream.emit (node:events:530:35)
    at ReadStream.emit (node:domain:489:12)
    at emitKeys (node:internal/readline/utils:370:14)
    at emitKeys.next (<anonymous>)
    at ReadStream.onData (node:internal/readline/emitKeypressEvents:64:36)
[error] 
[error] Error: An unexpected error has occurred.
